2025-06-18 08:03:22,564 - DiscordSocketListener - INFO - Starting Discord Socket Listener...
2025-06-18 08:03:22,934 - DiscordBot - ERROR - Error starting bot: Improper token has been passed.
2025-06-18 08:03:22,935 - DiscordSocketListener - ERROR - Error starting application: Improper token has been passed.
2025-06-18 08:03:22,935 - DiscordSocketListener - INFO - Stopping Discord Socket Listener...
2025-06-18 08:03:22,936 - DiscordBot - ERROR - Error stopping bot: name 'asyncio' is not defined
2025-06-18 08:03:22,936 - DiscordSocketListener - INFO - Application stopped
2025-06-18 08:03:22,938 - DiscordSocketListener - INFO - Stopping Discord Socket Listener...
2025-06-18 08:03:22,941 - DiscordBot - ERROR - Error stopping bot: name 'asyncio' is not defined
2025-06-18 08:03:22,944 - DiscordSocketListener - INFO - Application stopped
2025-06-18 08:03:24,335 - DiscordSocketListener - INFO - Starting Discord Socket Listener...
2025-06-18 08:03:24,704 - DiscordBot - ERROR - Error starting bot: Improper token has been passed.
2025-06-18 08:03:24,704 - DiscordSocketListener - ERROR - Error starting application: Improper token has been passed.
2025-06-18 08:03:24,705 - DiscordSocketListener - INFO - Stopping Discord Socket Listener...
2025-06-18 08:03:24,705 - DiscordBot - ERROR - Error stopping bot: name 'asyncio' is not defined
2025-06-18 08:03:24,706 - DiscordSocketListener - INFO - Application stopped
2025-06-18 08:03:24,720 - DiscordSocketListener - INFO - Stopping Discord Socket Listener...
2025-06-18 08:03:24,721 - DiscordBot - ERROR - Error stopping bot: name 'asyncio' is not defined
2025-06-18 08:03:24,721 - DiscordSocketListener - INFO - Application stopped
2025-06-18 08:03:25,809 - DiscordSocketListener - INFO - Starting Discord Socket Listener...
2025-06-18 08:03:26,219 - DiscordBot - ERROR - Error starting bot: Improper token has been passed.
2025-06-18 08:03:26,220 - DiscordSocketListener - ERROR - Error starting application: Improper token has been passed.
2025-06-18 08:03:26,220 - DiscordSocketListener - INFO - Stopping Discord Socket Listener...
2025-06-18 08:03:26,220 - DiscordBot - ERROR - Error stopping bot: name 'asyncio' is not defined
2025-06-18 08:03:26,221 - DiscordSocketListener - INFO - Application stopped
2025-06-18 08:03:26,221 - DiscordSocketListener - INFO - Stopping Discord Socket Listener...
2025-06-18 08:03:26,221 - DiscordBot - ERROR - Error stopping bot: name 'asyncio' is not defined
2025-06-18 08:03:26,221 - DiscordSocketListener - INFO - Application stopped
2025-06-18 08:03:27,264 - DiscordSocketListener - INFO - Starting Discord Socket Listener...
2025-06-18 08:03:27,629 - DiscordBot - ERROR - Error starting bot: Improper token has been passed.
2025-06-18 08:03:27,629 - DiscordSocketListener - ERROR - Error starting application: Improper token has been passed.
2025-06-18 08:03:27,629 - DiscordSocketListener - INFO - Stopping Discord Socket Listener...
2025-06-18 08:03:27,630 - DiscordBot - ERROR - Error stopping bot: name 'asyncio' is not defined
2025-06-18 08:03:27,630 - DiscordSocketListener - INFO - Application stopped
2025-06-18 08:03:27,630 - DiscordSocketListener - INFO - Stopping Discord Socket Listener...
2025-06-18 08:03:27,631 - DiscordBot - ERROR - Error stopping bot: name 'asyncio' is not defined
2025-06-18 08:03:27,631 - DiscordSocketListener - INFO - Application stopped
2025-06-18 08:03:29,061 - DiscordSocketListener - INFO - Starting Discord Socket Listener...
2025-06-18 08:03:29,419 - DiscordBot - ERROR - Error starting bot: Improper token has been passed.
2025-06-18 08:03:29,419 - DiscordSocketListener - ERROR - Error starting application: Improper token has been passed.
2025-06-18 08:03:29,421 - DiscordSocketListener - INFO - Stopping Discord Socket Listener...
2025-06-18 08:03:29,422 - DiscordBot - ERROR - Error stopping bot: name 'asyncio' is not defined
2025-06-18 08:03:29,422 - DiscordSocketListener - INFO - Application stopped
2025-06-18 08:03:29,422 - DiscordSocketListener - INFO - Stopping Discord Socket Listener...
2025-06-18 08:03:29,422 - DiscordBot - ERROR - Error stopping bot: name 'asyncio' is not defined
2025-06-18 08:03:29,423 - DiscordSocketListener - INFO - Application stopped
2025-06-18 08:03:31,653 - DiscordSocketListener - INFO - Starting Discord Socket Listener...
2025-06-18 08:03:32,021 - DiscordBot - ERROR - Error starting bot: Improper token has been passed.
2025-06-18 08:03:32,021 - DiscordSocketListener - ERROR - Error starting application: Improper token has been passed.
2025-06-18 08:03:32,022 - DiscordSocketListener - INFO - Stopping Discord Socket Listener...
2025-06-18 08:03:32,023 - DiscordBot - ERROR - Error stopping bot: name 'asyncio' is not defined
2025-06-18 08:03:32,023 - DiscordSocketListener - INFO - Application stopped
2025-06-18 08:03:32,024 - DiscordSocketListener - INFO - Stopping Discord Socket Listener...
2025-06-18 08:03:32,024 - DiscordBot - ERROR - Error stopping bot: name 'asyncio' is not defined
2025-06-18 08:03:32,025 - DiscordSocketListener - INFO - Application stopped
2025-06-18 08:03:35,841 - DiscordSocketListener - INFO - Starting Discord Socket Listener...
2025-06-18 08:03:36,185 - DiscordBot - ERROR - Error starting bot: Improper token has been passed.
2025-06-18 08:03:36,185 - DiscordSocketListener - ERROR - Error starting application: Improper token has been passed.
2025-06-18 08:03:36,185 - DiscordSocketListener - INFO - Stopping Discord Socket Listener...
2025-06-18 08:03:36,186 - DiscordBot - ERROR - Error stopping bot: name 'asyncio' is not defined
2025-06-18 08:03:36,186 - DiscordSocketListener - INFO - Application stopped
2025-06-18 08:03:36,186 - DiscordSocketListener - INFO - Stopping Discord Socket Listener...
2025-06-18 08:03:36,188 - DiscordBot - ERROR - Error stopping bot: name 'asyncio' is not defined
2025-06-18 08:03:36,188 - DiscordSocketListener - INFO - Application stopped
2025-06-18 08:03:43,194 - DiscordSocketListener - INFO - Starting Discord Socket Listener...
2025-06-18 08:03:43,542 - DiscordBot - ERROR - Error starting bot: Improper token has been passed.
2025-06-18 08:03:43,542 - DiscordSocketListener - ERROR - Error starting application: Improper token has been passed.
2025-06-18 08:03:43,542 - DiscordSocketListener - INFO - Stopping Discord Socket Listener...
2025-06-18 08:03:43,542 - DiscordBot - ERROR - Error stopping bot: name 'asyncio' is not defined
2025-06-18 08:03:43,543 - DiscordSocketListener - INFO - Application stopped
2025-06-18 08:03:43,543 - DiscordSocketListener - INFO - Stopping Discord Socket Listener...
2025-06-18 08:03:43,543 - DiscordBot - ERROR - Error stopping bot: name 'asyncio' is not defined
2025-06-18 08:03:43,543 - DiscordSocketListener - INFO - Application stopped
2025-06-18 08:03:56,996 - DiscordSocketListener - INFO - Starting Discord Socket Listener...
2025-06-18 08:03:57,348 - DiscordBot - ERROR - Error starting bot: Improper token has been passed.
2025-06-18 08:03:57,348 - DiscordSocketListener - ERROR - Error starting application: Improper token has been passed.
2025-06-18 08:03:57,349 - DiscordSocketListener - INFO - Stopping Discord Socket Listener...
2025-06-18 08:03:57,349 - DiscordBot - ERROR - Error stopping bot: name 'asyncio' is not defined
2025-06-18 08:03:57,349 - DiscordSocketListener - INFO - Application stopped
2025-06-18 08:03:57,349 - DiscordSocketListener - INFO - Stopping Discord Socket Listener...
2025-06-18 08:03:57,349 - DiscordBot - ERROR - Error stopping bot: name 'asyncio' is not defined
2025-06-18 08:03:57,349 - DiscordSocketListener - INFO - Application stopped
2025-06-18 08:04:23,598 - DiscordSocketListener - INFO - Starting Discord Socket Listener...
2025-06-18 08:04:23,956 - DiscordBot - ERROR - Error starting bot: Improper token has been passed.
2025-06-18 08:04:23,957 - DiscordSocketListener - ERROR - Error starting application: Improper token has been passed.
2025-06-18 08:04:23,957 - DiscordSocketListener - INFO - Stopping Discord Socket Listener...
2025-06-18 08:04:23,958 - DiscordBot - ERROR - Error stopping bot: name 'asyncio' is not defined
2025-06-18 08:04:23,958 - DiscordSocketListener - INFO - Application stopped
2025-06-18 08:04:23,958 - DiscordSocketListener - INFO - Stopping Discord Socket Listener...
2025-06-18 08:04:23,959 - DiscordBot - ERROR - Error stopping bot: name 'asyncio' is not defined
2025-06-18 08:04:23,959 - DiscordSocketListener - INFO - Application stopped
2025-06-18 08:05:15,780 - DiscordSocketListener - INFO - Starting Discord Socket Listener...
2025-06-18 08:05:16,164 - DiscordBot - ERROR - Error starting bot: Improper token has been passed.
2025-06-18 08:05:16,164 - DiscordSocketListener - ERROR - Error starting application: Improper token has been passed.
2025-06-18 08:05:16,165 - DiscordSocketListener - INFO - Stopping Discord Socket Listener...
2025-06-18 08:05:16,165 - DiscordSocketListener - INFO - Application stopped
2025-06-18 08:05:16,166 - DiscordSocketListener - INFO - Stopping Discord Socket Listener...
2025-06-18 08:05:16,166 - DiscordSocketListener - INFO - Application stopped
2025-06-18 08:05:21,977 - DiscordSocketListener - INFO - Starting Discord Socket Listener...
2025-06-18 08:05:22,349 - DiscordBot - ERROR - Error starting bot: Improper token has been passed.
2025-06-18 08:05:22,350 - DiscordSocketListener - ERROR - Error starting application: Improper token has been passed.
2025-06-18 08:05:22,350 - DiscordSocketListener - INFO - Stopping Discord Socket Listener...
2025-06-18 08:05:22,350 - DiscordSocketListener - INFO - Application stopped
2025-06-18 08:05:22,350 - DiscordSocketListener - INFO - Stopping Discord Socket Listener...
2025-06-18 08:05:22,351 - DiscordSocketListener - INFO - Application stopped
2025-06-18 08:05:23,247 - DiscordSocketListener - INFO - Starting Discord Socket Listener...
2025-06-18 08:05:23,610 - DiscordBot - ERROR - Error starting bot: Improper token has been passed.
2025-06-18 08:05:23,610 - DiscordSocketListener - ERROR - Error starting application: Improper token has been passed.
2025-06-18 08:05:23,610 - DiscordSocketListener - INFO - Stopping Discord Socket Listener...
2025-06-18 08:05:23,611 - DiscordSocketListener - INFO - Application stopped
2025-06-18 08:05:23,611 - DiscordSocketListener - INFO - Stopping Discord Socket Listener...
2025-06-18 08:05:23,611 - DiscordSocketListener - INFO - Application stopped
2025-06-18 08:05:24,526 - DiscordSocketListener - INFO - Starting Discord Socket Listener...
2025-06-18 08:05:24,904 - DiscordBot - ERROR - Error starting bot: Improper token has been passed.
2025-06-18 08:05:24,904 - DiscordSocketListener - ERROR - Error starting application: Improper token has been passed.
2025-06-18 08:05:24,904 - DiscordSocketListener - INFO - Stopping Discord Socket Listener...
2025-06-18 08:05:24,905 - DiscordSocketListener - INFO - Application stopped
2025-06-18 08:05:24,905 - DiscordSocketListener - INFO - Stopping Discord Socket Listener...
2025-06-18 08:05:24,905 - DiscordSocketListener - INFO - Application stopped
2025-06-18 08:05:25,937 - DiscordSocketListener - INFO - Starting Discord Socket Listener...
2025-06-18 08:05:26,282 - DiscordBot - ERROR - Error starting bot: Improper token has been passed.
2025-06-18 08:05:26,282 - DiscordSocketListener - ERROR - Error starting application: Improper token has been passed.
2025-06-18 08:05:26,282 - DiscordSocketListener - INFO - Stopping Discord Socket Listener...
2025-06-18 08:05:26,282 - DiscordSocketListener - INFO - Application stopped
2025-06-18 08:05:26,282 - DiscordSocketListener - INFO - Stopping Discord Socket Listener...
2025-06-18 08:05:26,283 - DiscordSocketListener - INFO - Application stopped
2025-06-18 08:05:27,755 - DiscordSocketListener - INFO - Starting Discord Socket Listener...
2025-06-18 08:05:28,116 - DiscordBot - ERROR - Error starting bot: Improper token has been passed.
2025-06-18 08:05:28,116 - DiscordSocketListener - ERROR - Error starting application: Improper token has been passed.
2025-06-18 08:05:28,117 - DiscordSocketListener - INFO - Stopping Discord Socket Listener...
2025-06-18 08:05:28,117 - DiscordSocketListener - INFO - Application stopped
2025-06-18 08:05:28,117 - DiscordSocketListener - INFO - Stopping Discord Socket Listener...
2025-06-18 08:05:28,118 - DiscordSocketListener - INFO - Application stopped
2025-06-18 08:05:30,437 - DiscordSocketListener - INFO - Starting Discord Socket Listener...
2025-06-18 08:05:30,813 - DiscordBot - ERROR - Error starting bot: Improper token has been passed.
2025-06-18 08:05:30,813 - DiscordSocketListener - ERROR - Error starting application: Improper token has been passed.
2025-06-18 08:05:30,814 - DiscordSocketListener - INFO - Stopping Discord Socket Listener...
2025-06-18 08:05:30,814 - DiscordSocketListener - INFO - Application stopped
2025-06-18 08:05:30,815 - DiscordSocketListener - INFO - Stopping Discord Socket Listener...
2025-06-18 08:05:30,815 - DiscordSocketListener - INFO - Application stopped
2025-06-18 08:05:34,887 - DiscordSocketListener - INFO - Starting Discord Socket Listener...
2025-06-18 08:05:35,297 - DiscordBot - ERROR - Error starting bot: Improper token has been passed.
2025-06-18 08:05:35,297 - DiscordSocketListener - ERROR - Error starting application: Improper token has been passed.
2025-06-18 08:05:35,297 - DiscordSocketListener - INFO - Stopping Discord Socket Listener...
2025-06-18 08:05:35,298 - DiscordSocketListener - INFO - Application stopped
2025-06-18 08:05:35,298 - DiscordSocketListener - INFO - Stopping Discord Socket Listener...
2025-06-18 08:05:35,298 - DiscordSocketListener - INFO - Application stopped
2025-06-18 08:05:42,372 - DiscordSocketListener - INFO - Starting Discord Socket Listener...
2025-06-18 08:05:42,748 - DiscordBot - ERROR - Error starting bot: Improper token has been passed.
2025-06-18 08:05:42,749 - DiscordSocketListener - ERROR - Error starting application: Improper token has been passed.
2025-06-18 08:05:42,749 - DiscordSocketListener - INFO - Stopping Discord Socket Listener...
2025-06-18 08:05:42,750 - DiscordSocketListener - INFO - Application stopped
2025-06-18 08:05:42,750 - DiscordSocketListener - INFO - Stopping Discord Socket Listener...
2025-06-18 08:05:42,751 - DiscordSocketListener - INFO - Application stopped
2025-06-18 08:05:56,281 - DiscordSocketListener - INFO - Starting Discord Socket Listener...
2025-06-18 08:05:56,619 - DiscordBot - ERROR - Error starting bot: Improper token has been passed.
2025-06-18 08:05:56,620 - DiscordSocketListener - ERROR - Error starting application: Improper token has been passed.
2025-06-18 08:05:56,621 - DiscordSocketListener - INFO - Stopping Discord Socket Listener...
2025-06-18 08:05:56,622 - DiscordSocketListener - INFO - Application stopped
2025-06-18 08:05:56,622 - DiscordSocketListener - INFO - Stopping Discord Socket Listener...
2025-06-18 08:05:56,622 - DiscordSocketListener - INFO - Application stopped
2025-06-18 08:06:22,926 - DiscordSocketListener - INFO - Starting Discord Socket Listener...
2025-06-18 08:06:23,287 - DiscordBot - ERROR - Error starting bot: Improper token has been passed.
2025-06-18 08:06:23,287 - DiscordSocketListener - ERROR - Error starting application: Improper token has been passed.
2025-06-18 08:06:23,287 - DiscordSocketListener - INFO - Stopping Discord Socket Listener...
2025-06-18 08:06:23,288 - DiscordSocketListener - INFO - Application stopped
2025-06-18 08:06:23,288 - DiscordSocketListener - INFO - Stopping Discord Socket Listener...
2025-06-18 08:06:23,288 - DiscordSocketListener - INFO - Application stopped
2025-06-18 08:06:59,375 - DiscordSocketListener - INFO - Starting Discord Socket Listener...
2025-06-18 08:07:00,897 - DiscordBot - ERROR - Error starting bot: Shard ID None is requesting privileged intents that have not been explicitly enabled in the developer portal. It is recommended to go to https://discord.com/developers/applications/ and explicitly enable the privileged intents within your application's page. If this is not possible, then consider disabling the privileged intents instead.
2025-06-18 08:07:00,898 - DiscordSocketListener - ERROR - Error starting application: Shard ID None is requesting privileged intents that have not been explicitly enabled in the developer portal. It is recommended to go to https://discord.com/developers/applications/ and explicitly enable the privileged intents within your application's page. If this is not possible, then consider disabling the privileged intents instead.
2025-06-18 08:07:00,898 - DiscordSocketListener - INFO - Stopping Discord Socket Listener...
2025-06-18 08:07:00,898 - DiscordSocketListener - INFO - Application stopped
2025-06-18 08:07:00,899 - DiscordSocketListener - INFO - Stopping Discord Socket Listener...
2025-06-18 08:07:00,899 - DiscordSocketListener - INFO - Application stopped
2025-06-18 08:07:01,872 - DiscordSocketListener - INFO - Starting Discord Socket Listener...
2025-06-18 08:07:03,528 - DiscordBot - ERROR - Error starting bot: Shard ID None is requesting privileged intents that have not been explicitly enabled in the developer portal. It is recommended to go to https://discord.com/developers/applications/ and explicitly enable the privileged intents within your application's page. If this is not possible, then consider disabling the privileged intents instead.
2025-06-18 08:07:03,528 - DiscordSocketListener - ERROR - Error starting application: Shard ID None is requesting privileged intents that have not been explicitly enabled in the developer portal. It is recommended to go to https://discord.com/developers/applications/ and explicitly enable the privileged intents within your application's page. If this is not possible, then consider disabling the privileged intents instead.
2025-06-18 08:07:03,529 - DiscordSocketListener - INFO - Stopping Discord Socket Listener...
2025-06-18 08:07:03,529 - DiscordSocketListener - INFO - Application stopped
2025-06-18 08:07:03,529 - DiscordSocketListener - INFO - Stopping Discord Socket Listener...
2025-06-18 08:07:03,530 - DiscordSocketListener - INFO - Application stopped
2025-06-18 08:07:04,375 - DiscordSocketListener - INFO - Starting Discord Socket Listener...
2025-06-18 08:07:05,929 - DiscordBot - ERROR - Error starting bot: Shard ID None is requesting privileged intents that have not been explicitly enabled in the developer portal. It is recommended to go to https://discord.com/developers/applications/ and explicitly enable the privileged intents within your application's page. If this is not possible, then consider disabling the privileged intents instead.
2025-06-18 08:07:05,929 - DiscordSocketListener - ERROR - Error starting application: Shard ID None is requesting privileged intents that have not been explicitly enabled in the developer portal. It is recommended to go to https://discord.com/developers/applications/ and explicitly enable the privileged intents within your application's page. If this is not possible, then consider disabling the privileged intents instead.
2025-06-18 08:07:05,930 - DiscordSocketListener - INFO - Stopping Discord Socket Listener...
2025-06-18 08:07:05,931 - DiscordSocketListener - INFO - Application stopped
2025-06-18 08:07:05,931 - DiscordSocketListener - INFO - Stopping Discord Socket Listener...
2025-06-18 08:07:05,932 - DiscordSocketListener - INFO - Application stopped
2025-06-18 08:07:06,942 - DiscordSocketListener - INFO - Starting Discord Socket Listener...
2025-06-18 08:07:16,739 - DiscordBot - ERROR - Error starting bot: Shard ID None is requesting privileged intents that have not been explicitly enabled in the developer portal. It is recommended to go to https://discord.com/developers/applications/ and explicitly enable the privileged intents within your application's page. If this is not possible, then consider disabling the privileged intents instead.
2025-06-18 08:07:16,739 - DiscordSocketListener - ERROR - Error starting application: Shard ID None is requesting privileged intents that have not been explicitly enabled in the developer portal. It is recommended to go to https://discord.com/developers/applications/ and explicitly enable the privileged intents within your application's page. If this is not possible, then consider disabling the privileged intents instead.
2025-06-18 08:07:16,740 - DiscordSocketListener - INFO - Stopping Discord Socket Listener...
2025-06-18 08:07:16,740 - DiscordSocketListener - INFO - Application stopped
2025-06-18 08:07:16,741 - DiscordSocketListener - INFO - Stopping Discord Socket Listener...
2025-06-18 08:07:16,742 - DiscordSocketListener - INFO - Application stopped
2025-06-18 08:07:17,571 - DiscordSocketListener - INFO - Starting Discord Socket Listener...
2025-06-18 08:07:18,945 - DiscordBot - ERROR - Error starting bot: Shard ID None is requesting privileged intents that have not been explicitly enabled in the developer portal. It is recommended to go to https://discord.com/developers/applications/ and explicitly enable the privileged intents within your application's page. If this is not possible, then consider disabling the privileged intents instead.
2025-06-18 08:07:18,946 - DiscordSocketListener - ERROR - Error starting application: Shard ID None is requesting privileged intents that have not been explicitly enabled in the developer portal. It is recommended to go to https://discord.com/developers/applications/ and explicitly enable the privileged intents within your application's page. If this is not possible, then consider disabling the privileged intents instead.
2025-06-18 08:07:18,946 - DiscordSocketListener - INFO - Stopping Discord Socket Listener...
2025-06-18 08:07:18,946 - DiscordSocketListener - INFO - Application stopped
2025-06-18 08:07:18,947 - DiscordSocketListener - INFO - Stopping Discord Socket Listener...
2025-06-18 08:07:18,947 - DiscordSocketListener - INFO - Application stopped
2025-06-18 08:07:19,798 - DiscordSocketListener - INFO - Starting Discord Socket Listener...
2025-06-18 08:07:27,574 - DiscordBot - ERROR - Error starting bot: Shard ID None is requesting privileged intents that have not been explicitly enabled in the developer portal. It is recommended to go to https://discord.com/developers/applications/ and explicitly enable the privileged intents within your application's page. If this is not possible, then consider disabling the privileged intents instead.
2025-06-18 08:07:27,575 - DiscordSocketListener - ERROR - Error starting application: Shard ID None is requesting privileged intents that have not been explicitly enabled in the developer portal. It is recommended to go to https://discord.com/developers/applications/ and explicitly enable the privileged intents within your application's page. If this is not possible, then consider disabling the privileged intents instead.
2025-06-18 08:07:27,576 - DiscordSocketListener - INFO - Stopping Discord Socket Listener...
2025-06-18 08:07:27,577 - DiscordSocketListener - INFO - Application stopped
2025-06-18 08:07:27,577 - DiscordSocketListener - INFO - Stopping Discord Socket Listener...
2025-06-18 08:07:27,578 - DiscordSocketListener - INFO - Application stopped
2025-06-18 08:07:28,673 - DiscordSocketListener - INFO - Starting Discord Socket Listener...
2025-06-18 08:07:30,229 - DiscordBot - ERROR - Error starting bot: Shard ID None is requesting privileged intents that have not been explicitly enabled in the developer portal. It is recommended to go to https://discord.com/developers/applications/ and explicitly enable the privileged intents within your application's page. If this is not possible, then consider disabling the privileged intents instead.
2025-06-18 08:07:30,229 - DiscordSocketListener - ERROR - Error starting application: Shard ID None is requesting privileged intents that have not been explicitly enabled in the developer portal. It is recommended to go to https://discord.com/developers/applications/ and explicitly enable the privileged intents within your application's page. If this is not possible, then consider disabling the privileged intents instead.
2025-06-18 08:07:30,231 - DiscordSocketListener - INFO - Stopping Discord Socket Listener...
2025-06-18 08:07:30,231 - DiscordSocketListener - INFO - Application stopped
2025-06-18 08:07:30,232 - DiscordSocketListener - INFO - Stopping Discord Socket Listener...
2025-06-18 08:07:30,233 - DiscordSocketListener - INFO - Application stopped
2025-06-18 08:07:31,691 - DiscordSocketListener - INFO - Starting Discord Socket Listener...
2025-06-18 08:07:34,166 - DiscordBot - ERROR - Error starting bot: Shard ID None is requesting privileged intents that have not been explicitly enabled in the developer portal. It is recommended to go to https://discord.com/developers/applications/ and explicitly enable the privileged intents within your application's page. If this is not possible, then consider disabling the privileged intents instead.
2025-06-18 08:07:34,167 - DiscordSocketListener - ERROR - Error starting application: Shard ID None is requesting privileged intents that have not been explicitly enabled in the developer portal. It is recommended to go to https://discord.com/developers/applications/ and explicitly enable the privileged intents within your application's page. If this is not possible, then consider disabling the privileged intents instead.
2025-06-18 08:07:34,168 - DiscordSocketListener - INFO - Stopping Discord Socket Listener...
2025-06-18 08:07:34,169 - DiscordSocketListener - INFO - Application stopped
2025-06-18 08:07:34,170 - DiscordSocketListener - INFO - Stopping Discord Socket Listener...
2025-06-18 08:07:34,171 - DiscordSocketListener - INFO - Application stopped
2025-06-18 08:07:36,382 - DiscordSocketListener - INFO - Starting Discord Socket Listener...
2025-06-18 08:07:37,828 - DiscordBot - ERROR - Error starting bot: Shard ID None is requesting privileged intents that have not been explicitly enabled in the developer portal. It is recommended to go to https://discord.com/developers/applications/ and explicitly enable the privileged intents within your application's page. If this is not possible, then consider disabling the privileged intents instead.
2025-06-18 08:07:37,829 - DiscordSocketListener - ERROR - Error starting application: Shard ID None is requesting privileged intents that have not been explicitly enabled in the developer portal. It is recommended to go to https://discord.com/developers/applications/ and explicitly enable the privileged intents within your application's page. If this is not possible, then consider disabling the privileged intents instead.
2025-06-18 08:07:37,830 - DiscordSocketListener - INFO - Stopping Discord Socket Listener...
2025-06-18 08:07:37,830 - DiscordSocketListener - INFO - Application stopped
2025-06-18 08:07:37,831 - DiscordSocketListener - INFO - Stopping Discord Socket Listener...
2025-06-18 08:07:37,832 - DiscordSocketListener - INFO - Application stopped
2025-06-18 08:07:42,327 - DiscordSocketListener - INFO - Starting Discord Socket Listener...
2025-06-18 08:07:43,785 - DiscordBot - ERROR - Error starting bot: Shard ID None is requesting privileged intents that have not been explicitly enabled in the developer portal. It is recommended to go to https://discord.com/developers/applications/ and explicitly enable the privileged intents within your application's page. If this is not possible, then consider disabling the privileged intents instead.
2025-06-18 08:07:43,785 - DiscordSocketListener - ERROR - Error starting application: Shard ID None is requesting privileged intents that have not been explicitly enabled in the developer portal. It is recommended to go to https://discord.com/developers/applications/ and explicitly enable the privileged intents within your application's page. If this is not possible, then consider disabling the privileged intents instead.
2025-06-18 08:07:43,786 - DiscordSocketListener - INFO - Stopping Discord Socket Listener...
2025-06-18 08:07:43,786 - DiscordSocketListener - INFO - Application stopped
2025-06-18 08:07:43,787 - DiscordSocketListener - INFO - Stopping Discord Socket Listener...
2025-06-18 08:07:43,787 - DiscordSocketListener - INFO - Application stopped
2025-06-18 08:07:50,840 - DiscordSocketListener - INFO - Starting Discord Socket Listener...
2025-06-18 08:07:52,314 - DiscordBot - ERROR - Error starting bot: Shard ID None is requesting privileged intents that have not been explicitly enabled in the developer portal. It is recommended to go to https://discord.com/developers/applications/ and explicitly enable the privileged intents within your application's page. If this is not possible, then consider disabling the privileged intents instead.
2025-06-18 08:07:52,316 - DiscordSocketListener - ERROR - Error starting application: Shard ID None is requesting privileged intents that have not been explicitly enabled in the developer portal. It is recommended to go to https://discord.com/developers/applications/ and explicitly enable the privileged intents within your application's page. If this is not possible, then consider disabling the privileged intents instead.
2025-06-18 08:07:52,320 - DiscordSocketListener - INFO - Stopping Discord Socket Listener...
2025-06-18 08:07:52,322 - DiscordSocketListener - INFO - Application stopped
2025-06-18 08:07:52,323 - DiscordSocketListener - INFO - Stopping Discord Socket Listener...
2025-06-18 08:07:52,324 - DiscordSocketListener - INFO - Application stopped
2025-06-18 08:08:05,747 - DiscordSocketListener - INFO - Starting Discord Socket Listener...
2025-06-18 08:08:07,426 - DiscordBot - ERROR - Error starting bot: Shard ID None is requesting privileged intents that have not been explicitly enabled in the developer portal. It is recommended to go to https://discord.com/developers/applications/ and explicitly enable the privileged intents within your application's page. If this is not possible, then consider disabling the privileged intents instead.
2025-06-18 08:08:07,426 - DiscordSocketListener - ERROR - Error starting application: Shard ID None is requesting privileged intents that have not been explicitly enabled in the developer portal. It is recommended to go to https://discord.com/developers/applications/ and explicitly enable the privileged intents within your application's page. If this is not possible, then consider disabling the privileged intents instead.
2025-06-18 08:08:07,426 - DiscordSocketListener - INFO - Stopping Discord Socket Listener...
2025-06-18 08:08:07,427 - DiscordSocketListener - INFO - Application stopped
2025-06-18 08:08:07,427 - DiscordSocketListener - INFO - Stopping Discord Socket Listener...
2025-06-18 08:08:07,427 - DiscordSocketListener - INFO - Application stopped
2025-06-18 08:08:33,658 - DiscordSocketListener - INFO - Starting Discord Socket Listener...
2025-06-18 08:08:35,166 - DiscordBot - ERROR - Error starting bot: Shard ID None is requesting privileged intents that have not been explicitly enabled in the developer portal. It is recommended to go to https://discord.com/developers/applications/ and explicitly enable the privileged intents within your application's page. If this is not possible, then consider disabling the privileged intents instead.
2025-06-18 08:08:35,166 - DiscordSocketListener - ERROR - Error starting application: Shard ID None is requesting privileged intents that have not been explicitly enabled in the developer portal. It is recommended to go to https://discord.com/developers/applications/ and explicitly enable the privileged intents within your application's page. If this is not possible, then consider disabling the privileged intents instead.
2025-06-18 08:08:35,167 - DiscordSocketListener - INFO - Stopping Discord Socket Listener...
2025-06-18 08:08:35,167 - DiscordSocketListener - INFO - Application stopped
2025-06-18 08:08:35,167 - DiscordSocketListener - INFO - Stopping Discord Socket Listener...
2025-06-18 08:08:35,167 - DiscordSocketListener - INFO - Application stopped
2025-06-18 08:09:27,005 - DiscordSocketListener - INFO - Starting Discord Socket Listener...
2025-06-18 08:09:28,494 - DiscordBot - ERROR - Error starting bot: Shard ID None is requesting privileged intents that have not been explicitly enabled in the developer portal. It is recommended to go to https://discord.com/developers/applications/ and explicitly enable the privileged intents within your application's page. If this is not possible, then consider disabling the privileged intents instead.
2025-06-18 08:09:28,495 - DiscordSocketListener - ERROR - Error starting application: Shard ID None is requesting privileged intents that have not been explicitly enabled in the developer portal. It is recommended to go to https://discord.com/developers/applications/ and explicitly enable the privileged intents within your application's page. If this is not possible, then consider disabling the privileged intents instead.
2025-06-18 08:09:28,495 - DiscordSocketListener - INFO - Stopping Discord Socket Listener...
2025-06-18 08:09:28,495 - DiscordSocketListener - INFO - Application stopped
2025-06-18 08:09:28,496 - DiscordSocketListener - INFO - Stopping Discord Socket Listener...
2025-06-18 08:09:28,496 - DiscordSocketListener - INFO - Application stopped
2025-06-18 08:10:29,137 - DiscordSocketListener - INFO - Starting Discord Socket Listener...
2025-06-18 08:10:32,601 - DiscordBot - INFO - Ambatukam#8434 connected to Discord!
2025-06-18 08:10:32,602 - DiscordBot - INFO - Bot is in 3 servers
2025-06-18 08:21:42,673 - DiscordSocketListener - INFO - Starting Discord Socket Listener...
2025-06-18 08:21:46,125 - DiscordBot - INFO - ChannelListener#0797 connected to Discord!
2025-06-18 08:21:46,126 - DiscordBot - INFO - Bot is in 1 servers
2025-06-18 08:32:25,348 - DiscordSocketListener - INFO - Starting Discord Socket Listener...
2025-06-18 08:32:29,185 - DiscordBot - INFO - ChannelListener#0797 connected to Discord!
2025-06-18 08:32:29,186 - DiscordBot - INFO - Bot is in 1 servers
2025-06-18 08:44:23,831 - DiscordSocketListener - INFO - Starting Discord Socket Listener...
2025-06-18 08:44:27,227 - DiscordBot - INFO - ChannelListener#0797 connected to Discord!
2025-06-18 08:44:27,228 - DiscordBot - INFO - Bot is in 1 servers
2025-06-18 08:48:30,103 - DiscordSocketListener - INFO - Starting Discord Socket Listener...
2025-06-18 08:48:33,720 - DiscordBot - INFO - ChannelListener#0797 connected to Discord!
2025-06-18 08:48:33,723 - DiscordBot - INFO - Bot is in 1 servers
2025-06-18 08:55:43,371 - DiscordSocketListener - INFO - Starting Discord Socket Listener...
2025-06-18 08:55:46,888 - DiscordBot - INFO - ChannelListener#0797 connected to Discord!
2025-06-18 08:55:46,889 - DiscordBot - INFO - Bot is in 1 servers
2025-06-18 08:56:45,550 - DiscordSocketListener - INFO - Starting Discord Socket Listener...
2025-06-18 08:56:49,196 - DiscordBot - INFO - ChannelListener#0797 connected to Discord!
2025-06-18 08:56:49,196 - DiscordBot - INFO - Bot is in 1 servers
2025-06-18 08:59:30,444 - DiscordSocketListener - INFO - Starting Discord Socket Listener...
2025-06-18 08:59:33,895 - DiscordBot - INFO - ChannelListener#0797 connected to Discord!
2025-06-18 08:59:33,895 - DiscordBot - INFO - Bot is in 1 servers
2025-06-18 09:00:35,957 - DiscordSocketListener - INFO - Starting Discord Socket Listener...
2025-06-18 09:00:39,809 - DiscordBot - INFO - ChannelListener#0797 connected to Discord!
2025-06-18 09:00:39,809 - DiscordBot - INFO - Bot is in 1 servers
2025-06-18 09:10:38,379 - DiscordSocketListener - INFO - Starting Discord Socket Listener...
2025-06-18 09:10:42,005 - DiscordBot - INFO - ChannelListener#0797 connected to Discord!
2025-06-18 09:10:42,005 - DiscordBot - INFO - Bot is in 1 servers
2025-06-18 09:12:52,564 - DiscordSocketListener - INFO - Starting Discord Socket Listener...
2025-06-18 09:12:56,074 - DiscordBot - INFO - ChannelListener#0797 connected to Discord!
2025-06-18 09:12:56,075 - DiscordBot - INFO - Bot is in 1 servers
2025-06-18 09:13:24,123 - DiscordSocketListener - INFO - Starting Discord Socket Listener...
2025-06-18 09:13:27,678 - DiscordBot - INFO - ChannelListener#0797 connected to Discord!
2025-06-18 09:13:27,679 - DiscordBot - INFO - Bot is in 1 servers
2025-06-18 09:16:00,637 - DiscordSocketListener - INFO - Starting Discord Socket Listener...
2025-06-18 09:16:04,244 - DiscordBot - INFO - ChannelListener#0797 connected to Discord!
2025-06-18 09:16:04,245 - DiscordBot - INFO - Bot is in 1 servers
2025-06-18 16:29:08,364 - DiscordSocketListener - INFO - Starting Discord Socket Listener...
2025-06-18 16:29:11,877 - DiscordBot - INFO - ChannelListener#0797 connected to Discord!
2025-06-18 16:29:11,879 - DiscordBot - INFO - Bot is in 1 servers
2025-06-18 16:34:32,653 - DiscordSocketListener - INFO - Starting Discord Socket Listener...
2025-06-18 16:36:12,533 - DiscordSocketListener - INFO - Starting Discord Socket Listener...
2025-06-18 16:37:32,500 - DiscordSocketListener - INFO - Starting Discord Socket Listener...
2025-06-18 16:37:35,922 - DiscordBot - INFO - ChannelListener#0797 connected!
2025-06-18 16:40:05,097 - DiscordSocketListener - INFO - Starting Discord Socket Listener...
2025-06-18 16:40:08,752 - DiscordBot - INFO - ChannelListener#0797 connected!
2025-06-18 16:41:19,694 - DiscordSocketListener - INFO - Starting Discord Socket Listener...
2025-06-18 16:41:23,351 - DiscordBot - INFO - ChannelListener#0797 connected!
2025-06-18 10:00:56,867 - DiscordSocketListener - INFO - Starting Discord Socket Listener...
2025-06-18 10:01:00,594 - DiscordBot - INFO - ChannelListener#0797 connected!
2025-06-20 23:14:23,570 - DiscordBot - INFO - ChannelListener#0797 connected!
2025-07-10 07:04:01,871 - DiscordSocketListener - INFO - Starting Discord Socket Listener...
2025-07-10 07:04:05,589 - DiscordBot - INFO - ChannelListener#0797 connected!
2025-07-10 09:10:49,472 - DiscordSocketListener - INFO - Starting Discord Socket Listener...
2025-07-10 09:10:53,289 - DiscordBot - INFO - ChannelListener#0797 connected!
2025-07-10 09:14:36,124 - DiscordSocketListener - INFO - Starting Discord Socket Listener...
2025-07-10 09:14:39,587 - DiscordBot - INFO - ChannelListener#0797 connected!
2025-07-10 09:20:57,282 - DiscordSocketListener - INFO - Starting Discord Socket Listener...
2025-07-10 09:21:00,781 - DiscordBot - INFO - ChannelListener#0797 connected!
2025-07-10 09:25:35,853 - DiscordSocketListener - INFO - Starting Discord Socket Listener...
2025-07-10 09:25:39,439 - DiscordBot - INFO - ChannelListener#0797 connected!
2025-07-10 09:48:32,203 - DiscordSocketListener - INFO - Starting Discord Socket Listener...
2025-07-10 09:48:35,976 - DiscordBot - INFO - ChannelListener#0797 connected!
2025-07-10 09:50:33,543 - DiscordSocketListener - INFO - Starting Discord Socket Listener...
2025-07-10 09:50:37,114 - DiscordBot - INFO - ChannelListener#0797 connected!
2025-07-10 09:52:58,753 - DiscordSocketListener - INFO - Starting Discord Socket Listener...
2025-07-10 09:53:02,251 - DiscordBot - INFO - ChannelListener#0797 connected!
2025-07-10 10:13:06,950 - DiscordSocketListener - INFO - Starting Discord Socket Listener...
2025-07-10 10:13:10,627 - DiscordBot - INFO - ChannelListener#0797 connected!
2025-07-10 10:22:25,734 - DiscordSocketListener - INFO - Starting Discord Socket Listener...
2025-07-10 10:22:29,222 - DiscordBot - INFO - ChannelListener#0797 connected!
2025-07-10 10:23:58,556 - DiscordSocketListener - INFO - Starting Discord Socket Listener...
2025-07-10 10:24:01,994 - DiscordBot - INFO - ChannelListener#0797 connected!
2025-07-10 10:26:42,316 - DiscordSocketListener - INFO - Starting Discord Socket Listener...
2025-07-10 10:26:45,862 - DiscordBot - INFO - ChannelListener#0797 connected!
2025-07-10 10:32:53,695 - DiscordSocketListener - INFO - Starting Discord Socket Listener...
2025-07-10 10:32:58,275 - DiscordBot - INFO - ChannelListener#0797 connected!
2025-07-10 10:38:01,884 - DiscordSocketListener - INFO - Starting Discord Socket Listener...
2025-07-10 10:38:05,525 - DiscordBot - INFO - ChannelListener#0797 connected!
2025-07-14 06:58:18,049 - DiscordSocketListener - INFO - Starting Discord Socket Listener...
2025-07-14 06:58:21,619 - DiscordBot - INFO - ChannelListener#0797 connected!
2025-07-24 18:37:11,822 - DiscordBot - INFO - ChannelListener#0797 connected!
2025-07-26 09:05:50,058 - DiscordSocketListener - INFO - Starting Discord Socket Listener...
2025-07-26 09:05:53,456 - DiscordBot - INFO - ChannelListener#0797 connected!
2025-08-01 07:36:02,631 - DiscordSocketListener - INFO - Starting Discord Socket Listener...
2025-08-01 07:36:06,598 - DiscordBot - INFO - ChannelListener#0797 connected!
2025-08-01 07:41:41,192 - DiscordSocketListener - INFO - Starting Discord Socket Listener...
2025-08-01 07:41:44,718 - DiscordBot - INFO - ChannelListener#0797 connected!
2025-08-04 15:34:34,829 - DiscordSocketListener - INFO - Starting Discord Socket Listener...
2025-08-04 15:34:38,321 - DiscordBot - INFO - ChannelListener#0797 connected!
2025-08-21 17:45:34,129 - DiscordBot - INFO - ChannelListener#0797 connected!
2025-08-22 19:20:01,217 - DiscordBot - INFO - ChannelListener#0797 connected!
2025-08-25 03:38:47,197 - DiscordSocketListener - INFO - Starting Discord Socket Listener...
2025-08-25 03:38:50,661 - DiscordBot - INFO - ChannelListener#0797 connected!
2025-08-26 03:48:13,404 - DiscordSocketListener - INFO - Starting Discord Socket Listener...
2025-08-26 03:48:16,790 - DiscordBot - INFO - ChannelListener#0797 connected!
2025-08-26 14:45:17,151 - DiscordSocketListener - INFO - Starting Discord Socket Listener...
2025-08-26 14:45:21,076 - DiscordBot - INFO - ChannelListener#0797 connected!
2025-08-28 06:53:19,511 - DiscordSocketListener - INFO - Starting Discord Socket Listener...
2025-08-28 06:53:27,300 - DiscordBot - INFO - ChannelListener#0797 connected!
2025-08-29 11:31:21,664 - DiscordSocketListener - INFO - Starting Discord Socket Listener...
2025-08-29 11:31:25,309 - DiscordBot - INFO - ChannelListener#0797 connected!
2025-09-07 23:52:40,192 - DiscordSocketListener - INFO - Starting Discord Socket Listener...
2025-09-07 23:52:43,807 - DiscordBot - INFO - ChannelListener#0797 connected!
2025-09-08 22:25:04,651 - DiscordBot - INFO - ChannelListener#0797 connected!
2025-09-10 23:48:29,250 - DiscordSocketListener - INFO - Starting Discord Socket Listener...
2025-09-10 23:48:32,831 - DiscordBot - INFO - ChannelListener#0797 connected!
2025-09-11 09:41:27,022 - DiscordBot - INFO - ChannelListener#0797 connected!
2025-09-15 02:09:23,784 - DiscordSocketListener - INFO - Starting Discord Socket Listener...
2025-09-15 02:09:27,242 - DiscordBot - INFO - ChannelListener#0797 connected!
